[debug] [2024-11-27T02:01:20.175Z] ----------------------------------------------------------------------
[debug] [2024-11-27T02:01:20.177Z] Command:       C:\Program Files\nodejs\node.exe C:\Users\benja\AppData\Roaming\npm\node_modules\firebase-tools\lib\bin\firebase.js init hosting
[debug] [2024-11-27T02:01:20.178Z] CLI Version:   13.27.0
[debug] [2024-11-27T02:01:20.178Z] Platform:      win32
[debug] [2024-11-27T02:01:20.178Z] Node Version:  v20.17.0
[debug] [2024-11-27T02:01:20.178Z] Time:          Wed Nov 27 2024 03:01:20 GMT+0100 (West Africa Standard Time)
[debug] [2024-11-27T02:01:20.178Z] ----------------------------------------------------------------------
[debug] 
[debug] [2024-11-27T02:01:20.185Z] > command requires scopes: ["email","openid","https://www.googleapis.com/auth/cloudplatformprojects.readonly","https://www.googleapis.com/auth/firebase","https://www.googleapis.com/auth/cloud-platform"]
[debug] [2024-11-27T02:01:20.186Z] > authorizing via signed-in user (bguy00504@gmail.com)
[info] 
     ######## #### ########  ######## ########     ###     ######  ########
     ##        ##  ##     ## ##       ##     ##  ##   ##  ##       ##
     ######    ##  ########  ######   ########  #########  ######  ######
     ##        ##  ##    ##  ##       ##     ## ##     ##       ## ##
     ##       #### ##     ## ######## ########  ##     ##  ######  ########

You're about to initialize a Firebase project in this directory:

  D:\Dev\twdtrackerclientapp

[info] 
=== Project Setup
[info] 
[info] First, let's associate this project directory with a Firebase project.
[info] You can create multiple project aliases by running firebase use --add, 
[info] but for now we'll just set up a default project.
[info] 
[info] i  If you want to create a project in a Google Cloud organization or folder, please use "firebase projects:create" instead, and return to this command when you've created the project. 
[debug] [2024-11-27T02:04:13.397Z] Checked if tokens are valid: true, expires at: 1732676462933
[debug] [2024-11-27T02:04:13.397Z] Checked if tokens are valid: true, expires at: 1732676462933
[debug] [2024-11-27T02:04:13.398Z] >>> [apiv2][query] POST https://cloudresourcemanager.googleapis.com/v1/projects [none]
[debug] [2024-11-27T02:04:13.398Z] >>> [apiv2][body] POST https://cloudresourcemanager.googleapis.com/v1/projects {"projectId":"twdtrackerclientapp","name":"TWD Tracker (Client Version)"}
[debug] [2024-11-27T02:04:15.291Z] <<< [apiv2][status] POST https://cloudresourcemanager.googleapis.com/v1/projects 400
[debug] [2024-11-27T02:04:15.291Z] <<< [apiv2][body] POST https://cloudresourcemanager.googleapis.com/v1/projects {"error":{"code":400,"message":"field [display_name] has issue [project display name contains invalid characters]","status":"INVALID_ARGUMENT","details":[{"@type":"type.googleapis.com/google.rpc.BadRequest","fieldViolations":[{"field":"display_name","description":"project display name contains invalid characters"}]},{"@type":"type.googleapis.com/google.rpc.Help","links":[{"url":"https://cloud.google.com/resource-manager/reference/rest/v1/projects"}]}]}}
[debug] [2024-11-27T02:04:15.693Z] FirebaseError: Request to https://cloudresourcemanager.googleapis.com/v1/projects had HTTP Error: 400, field [display_name] has issue [project display name contains invalid characters]
    at responseToError (C:\Users\benja\AppData\Roaming\npm\node_modules\firebase-tools\lib\responseToError.js:52:12)
    at RetryOperation._fn (C:\Users\benja\AppData\Roaming\npm\node_modules\firebase-tools\lib\apiv2.js:312:77)
    at process.processTicksAndRejections (node:internal/process/task_queues:95:5)
[error] 
[error] Error: Failed to create project. See firebase-debug.log for more info.
